2019-08-13 02:20:39,611 INFO [main] o.a.n.b.NotificationServiceManager Successfully loaded the following 0 services: []
2019-08-13 02:20:39,615 INFO [main] org.apache.nifi.bootstrap.RunNiFi Registered no Notification Services for Notification Type NIFI_STARTED
2019-08-13 02:20:39,615 INFO [main] org.apache.nifi.bootstrap.RunNiFi Registered no Notification Services for Notification Type NIFI_STOPPED
2019-08-13 02:20:39,615 INFO [main] org.apache.nifi.bootstrap.RunNiFi Registered no Notification Services for Notification Type NIFI_DIED
2019-08-13 02:20:39,631 INFO [main] org.apache.nifi.bootstrap.Command Starting Apache NiFi...
2019-08-13 02:20:39,632 INFO [main] org.apache.nifi.bootstrap.Command Working Directory: /usr/local/nifi-1.9.2
2019-08-13 02:20:39,632 INFO [main] org.apache.nifi.bootstrap.Command Command: /usr/lib/jvm/jdk1.8.0_221/bin/java -classpath /usr/local/nifi-1.9.2/./conf:/usr/local/nifi-1.9.2/./lib/nifi-runtime-1.9.2.jar:/usr/local/nifi-1.9.2/./lib/nifi-properties-1.9.2.jar:/usr/local/nifi-1.9.2/./lib/logback-core-1.2.3.jar:/usr/local/nifi-1.9.2/./lib/jcl-over-slf4j-1.7.25.jar:/usr/local/nifi-1.9.2/./lib/javax.servlet-api-3.1.0.jar:/usr/local/nifi-1.9.2/./lib/slf4j-api-1.7.25.jar:/usr/local/nifi-1.9.2/./lib/jul-to-slf4j-1.7.25.jar:/usr/local/nifi-1.9.2/./lib/nifi-api-1.9.2.jar:/usr/local/nifi-1.9.2/./lib/jetty-schemas-3.1.jar:/usr/local/nifi-1.9.2/./lib/nifi-framework-api-1.9.2.jar:/usr/local/nifi-1.9.2/./lib/log4j-over-slf4j-1.7.25.jar:/usr/local/nifi-1.9.2/./lib/logback-classic-1.2.3.jar:/usr/local/nifi-1.9.2/./lib/nifi-nar-utils-1.9.2.jar -Dorg.apache.jasper.compiler.disablejsr199=true -Xmx512m -Xms512m -Djavax.security.auth.useSubjectCredsOnly=true -Djava.security.egd=file:/dev/urandom -Dsun.net.http.allowRestrictedHeaders=true -Djava.net.preferIPv4Stack=true -Djava.awt.headless=true -XX:+UseG1GC -Djava.protocol.handler.pkgs=sun.net.www.protocol -Dnifi.properties.file.path=/usr/local/nifi-1.9.2/./conf/nifi.properties -Dnifi.bootstrap.listen.port=36721 -Dapp=NiFi -Dorg.apache.nifi.bootstrap.config.log.dir=/usr/local/nifi-1.9.2/logs org.apache.nifi.NiFi 
2019-08-13 02:20:39,649 INFO [main] org.apache.nifi.bootstrap.Command Launched Apache NiFi with Process ID 6607
2019-08-13 02:20:40,561 INFO [NiFi Bootstrap Command Listener] org.apache.nifi.bootstrap.RunNiFi Apache NiFi now running and listening for Bootstrap requests on port 33859
2019-08-13 02:43:01,633 INFO [main] o.a.n.b.NotificationServiceManager Successfully loaded the following 0 services: []
2019-08-13 02:43:01,637 INFO [main] org.apache.nifi.bootstrap.RunNiFi Registered no Notification Services for Notification Type NIFI_STARTED
2019-08-13 02:43:01,637 INFO [main] org.apache.nifi.bootstrap.RunNiFi Registered no Notification Services for Notification Type NIFI_STOPPED
2019-08-13 02:43:01,637 INFO [main] org.apache.nifi.bootstrap.RunNiFi Registered no Notification Services for Notification Type NIFI_DIED
2019-08-13 02:43:02,849 INFO [main] org.apache.nifi.bootstrap.Command Apache NiFi has accepted the Shutdown Command and is shutting down now
2019-08-13 02:43:02,864 INFO [main] org.apache.nifi.bootstrap.Command Waiting for Apache NiFi to finish shutting down...
2019-08-13 02:43:04,679 INFO [main] org.apache.nifi.bootstrap.RunNiFi A shutdown was initiated. Will not restart NiFi
2019-08-13 02:43:04,877 INFO [main] org.apache.nifi.bootstrap.Command NiFi has finished shutting down.
2019-08-13 02:51:24,843 INFO [main] o.a.n.b.NotificationServiceManager Successfully loaded the following 0 services: []
2019-08-13 02:51:24,847 INFO [main] org.apache.nifi.bootstrap.RunNiFi Registered no Notification Services for Notification Type NIFI_STARTED
2019-08-13 02:51:24,847 INFO [main] org.apache.nifi.bootstrap.RunNiFi Registered no Notification Services for Notification Type NIFI_STOPPED
2019-08-13 02:51:24,847 INFO [main] org.apache.nifi.bootstrap.RunNiFi Registered no Notification Services for Notification Type NIFI_DIED
2019-08-13 02:51:24,861 INFO [main] org.apache.nifi.bootstrap.Command Starting Apache NiFi...
2019-08-13 02:51:24,862 INFO [main] org.apache.nifi.bootstrap.Command Working Directory: /usr/local/nifi-1.9.2
2019-08-13 02:51:24,862 INFO [main] org.apache.nifi.bootstrap.Command Command: /usr/lib/jvm/jdk1.8.0_221/bin/java -classpath /usr/local/nifi-1.9.2/./conf:/usr/local/nifi-1.9.2/./lib/nifi-runtime-1.9.2.jar:/usr/local/nifi-1.9.2/./lib/nifi-properties-1.9.2.jar:/usr/local/nifi-1.9.2/./lib/logback-core-1.2.3.jar:/usr/local/nifi-1.9.2/./lib/jcl-over-slf4j-1.7.25.jar:/usr/local/nifi-1.9.2/./lib/javax.servlet-api-3.1.0.jar:/usr/local/nifi-1.9.2/./lib/slf4j-api-1.7.25.jar:/usr/local/nifi-1.9.2/./lib/jul-to-slf4j-1.7.25.jar:/usr/local/nifi-1.9.2/./lib/nifi-api-1.9.2.jar:/usr/local/nifi-1.9.2/./lib/jetty-schemas-3.1.jar:/usr/local/nifi-1.9.2/./lib/nifi-framework-api-1.9.2.jar:/usr/local/nifi-1.9.2/./lib/log4j-over-slf4j-1.7.25.jar:/usr/local/nifi-1.9.2/./lib/logback-classic-1.2.3.jar:/usr/local/nifi-1.9.2/./lib/nifi-nar-utils-1.9.2.jar -Dorg.apache.jasper.compiler.disablejsr199=true -Xmx512m -Xms512m -Djavax.security.auth.useSubjectCredsOnly=true -Djava.security.egd=file:/dev/urandom -Dsun.net.http.allowRestrictedHeaders=true -Djava.net.preferIPv4Stack=true -Djava.awt.headless=true -XX:+UseG1GC -Djava.protocol.handler.pkgs=sun.net.www.protocol -Dnifi.properties.file.path=/usr/local/nifi-1.9.2/./conf/nifi.properties -Dnifi.bootstrap.listen.port=46769 -Dapp=NiFi -Dorg.apache.nifi.bootstrap.config.log.dir=/usr/local/nifi-1.9.2/logs org.apache.nifi.NiFi 
2019-08-13 02:51:24,904 INFO [main] org.apache.nifi.bootstrap.Command Launched Apache NiFi with Process ID 7442
2019-08-13 02:51:25,776 INFO [NiFi Bootstrap Command Listener] org.apache.nifi.bootstrap.RunNiFi Apache NiFi now running and listening for Bootstrap requests on port 33579
2019-08-13 02:51:43,363 ERROR [NiFi logging handler] org.apache.nifi.StdErr Failed to start web server: Unable to start Flow Controller.
2019-08-13 02:51:43,363 ERROR [NiFi logging handler] org.apache.nifi.StdErr Shutting down...
2019-08-13 02:51:43,914 INFO [main] org.apache.nifi.bootstrap.RunNiFi NiFi never started. Will not restart NiFi
2019-08-13 03:00:24,270 INFO [main] o.a.n.b.NotificationServiceManager Successfully loaded the following 0 services: []
2019-08-13 03:00:24,273 INFO [main] org.apache.nifi.bootstrap.RunNiFi Registered no Notification Services for Notification Type NIFI_STARTED
2019-08-13 03:00:24,273 INFO [main] org.apache.nifi.bootstrap.RunNiFi Registered no Notification Services for Notification Type NIFI_STOPPED
2019-08-13 03:00:24,273 INFO [main] org.apache.nifi.bootstrap.RunNiFi Registered no Notification Services for Notification Type NIFI_DIED
2019-08-13 03:00:24,301 INFO [main] org.apache.nifi.bootstrap.Command Starting Apache NiFi...
2019-08-13 03:00:24,302 INFO [main] org.apache.nifi.bootstrap.Command Working Directory: /usr/local/nifi-1.9.2
2019-08-13 03:00:24,302 INFO [main] org.apache.nifi.bootstrap.Command Command: /usr/lib/jvm/jdk1.8.0_221/bin/java -classpath /usr/local/nifi-1.9.2/./conf:/usr/local/nifi-1.9.2/./lib/nifi-runtime-1.9.2.jar:/usr/local/nifi-1.9.2/./lib/nifi-properties-1.9.2.jar:/usr/local/nifi-1.9.2/./lib/logback-core-1.2.3.jar:/usr/local/nifi-1.9.2/./lib/jcl-over-slf4j-1.7.25.jar:/usr/local/nifi-1.9.2/./lib/javax.servlet-api-3.1.0.jar:/usr/local/nifi-1.9.2/./lib/slf4j-api-1.7.25.jar:/usr/local/nifi-1.9.2/./lib/jul-to-slf4j-1.7.25.jar:/usr/local/nifi-1.9.2/./lib/nifi-api-1.9.2.jar:/usr/local/nifi-1.9.2/./lib/jetty-schemas-3.1.jar:/usr/local/nifi-1.9.2/./lib/nifi-framework-api-1.9.2.jar:/usr/local/nifi-1.9.2/./lib/log4j-over-slf4j-1.7.25.jar:/usr/local/nifi-1.9.2/./lib/logback-classic-1.2.3.jar:/usr/local/nifi-1.9.2/./lib/nifi-nar-utils-1.9.2.jar -Dorg.apache.jasper.compiler.disablejsr199=true -Xmx512m -Xms512m -Djavax.security.auth.useSubjectCredsOnly=true -Djava.security.egd=file:/dev/urandom -Dsun.net.http.allowRestrictedHeaders=true -Djava.net.preferIPv4Stack=true -Djava.awt.headless=true -XX:+UseG1GC -Djava.protocol.handler.pkgs=sun.net.www.protocol -Dnifi.properties.file.path=/usr/local/nifi-1.9.2/./conf/nifi.properties -Dnifi.bootstrap.listen.port=42503 -Dapp=NiFi -Dorg.apache.nifi.bootstrap.config.log.dir=/usr/local/nifi-1.9.2/logs org.apache.nifi.NiFi 
2019-08-13 03:00:24,314 INFO [main] org.apache.nifi.bootstrap.Command Launched Apache NiFi with Process ID 7833
2019-08-13 03:00:24,984 INFO [NiFi Bootstrap Command Listener] org.apache.nifi.bootstrap.RunNiFi Apache NiFi now running and listening for Bootstrap requests on port 35337
2019-08-13 03:00:42,081 ERROR [NiFi logging handler] org.apache.nifi.StdErr Failed to start web server: Unable to start Flow Controller.
2019-08-13 03:00:42,081 ERROR [NiFi logging handler] org.apache.nifi.StdErr Shutting down...
2019-08-13 03:00:42,326 INFO [main] org.apache.nifi.bootstrap.RunNiFi NiFi never started. Will not restart NiFi
2019-08-13 03:02:01,173 INFO [main] o.a.n.b.NotificationServiceManager Successfully loaded the following 0 services: []
2019-08-13 03:02:01,176 INFO [main] org.apache.nifi.bootstrap.RunNiFi Registered no Notification Services for Notification Type NIFI_STARTED
2019-08-13 03:02:01,176 INFO [main] org.apache.nifi.bootstrap.RunNiFi Registered no Notification Services for Notification Type NIFI_STOPPED
2019-08-13 03:02:01,176 INFO [main] org.apache.nifi.bootstrap.RunNiFi Registered no Notification Services for Notification Type NIFI_DIED
2019-08-13 03:02:01,202 INFO [main] org.apache.nifi.bootstrap.Command Starting Apache NiFi...
2019-08-13 03:02:01,202 INFO [main] org.apache.nifi.bootstrap.Command Working Directory: /usr/local/nifi-1.9.2
2019-08-13 03:02:01,202 INFO [main] org.apache.nifi.bootstrap.Command Command: /usr/lib/jvm/jdk1.8.0_221/bin/java -classpath /usr/local/nifi-1.9.2/./conf:/usr/local/nifi-1.9.2/./lib/nifi-runtime-1.9.2.jar:/usr/local/nifi-1.9.2/./lib/nifi-properties-1.9.2.jar:/usr/local/nifi-1.9.2/./lib/logback-core-1.2.3.jar:/usr/local/nifi-1.9.2/./lib/jcl-over-slf4j-1.7.25.jar:/usr/local/nifi-1.9.2/./lib/javax.servlet-api-3.1.0.jar:/usr/local/nifi-1.9.2/./lib/slf4j-api-1.7.25.jar:/usr/local/nifi-1.9.2/./lib/jul-to-slf4j-1.7.25.jar:/usr/local/nifi-1.9.2/./lib/nifi-api-1.9.2.jar:/usr/local/nifi-1.9.2/./lib/jetty-schemas-3.1.jar:/usr/local/nifi-1.9.2/./lib/nifi-framework-api-1.9.2.jar:/usr/local/nifi-1.9.2/./lib/log4j-over-slf4j-1.7.25.jar:/usr/local/nifi-1.9.2/./lib/logback-classic-1.2.3.jar:/usr/local/nifi-1.9.2/./lib/nifi-nar-utils-1.9.2.jar -Dorg.apache.jasper.compiler.disablejsr199=true -Xmx512m -Xms512m -Djavax.security.auth.useSubjectCredsOnly=true -Djava.security.egd=file:/dev/urandom -Dsun.net.http.allowRestrictedHeaders=true -Djava.net.preferIPv4Stack=true -Djava.awt.headless=true -XX:+UseG1GC -Djava.protocol.handler.pkgs=sun.net.www.protocol -Dnifi.properties.file.path=/usr/local/nifi-1.9.2/./conf/nifi.properties -Dnifi.bootstrap.listen.port=37935 -Dapp=NiFi -Dorg.apache.nifi.bootstrap.config.log.dir=/usr/local/nifi-1.9.2/logs org.apache.nifi.NiFi 
2019-08-13 03:02:01,212 INFO [main] org.apache.nifi.bootstrap.Command Launched Apache NiFi with Process ID 8021
2019-08-13 03:02:01,940 INFO [NiFi Bootstrap Command Listener] org.apache.nifi.bootstrap.RunNiFi Apache NiFi now running and listening for Bootstrap requests on port 39387
2019-08-13 03:15:14,726 INFO [main] o.a.n.b.NotificationServiceManager Successfully loaded the following 0 services: []
2019-08-13 03:15:14,729 INFO [main] org.apache.nifi.bootstrap.RunNiFi Registered no Notification Services for Notification Type NIFI_STARTED
2019-08-13 03:15:14,729 INFO [main] org.apache.nifi.bootstrap.RunNiFi Registered no Notification Services for Notification Type NIFI_STOPPED
2019-08-13 03:15:14,729 INFO [main] org.apache.nifi.bootstrap.RunNiFi Registered no Notification Services for Notification Type NIFI_DIED
2019-08-13 03:15:15,835 INFO [main] org.apache.nifi.bootstrap.Command Apache NiFi has accepted the Shutdown Command and is shutting down now
2019-08-13 03:15:15,849 INFO [main] org.apache.nifi.bootstrap.Command Waiting for Apache NiFi to finish shutting down...
2019-08-13 03:15:17,701 INFO [main] org.apache.nifi.bootstrap.RunNiFi A shutdown was initiated. Will not restart NiFi
2019-08-13 03:15:17,878 INFO [main] org.apache.nifi.bootstrap.Command NiFi has finished shutting down.
2019-08-13 03:41:03,246 INFO [main] o.a.n.b.NotificationServiceManager Successfully loaded the following 0 services: []
2019-08-13 03:41:03,249 INFO [main] org.apache.nifi.bootstrap.RunNiFi Registered no Notification Services for Notification Type NIFI_STARTED
2019-08-13 03:41:03,249 INFO [main] org.apache.nifi.bootstrap.RunNiFi Registered no Notification Services for Notification Type NIFI_STOPPED
2019-08-13 03:41:03,249 INFO [main] org.apache.nifi.bootstrap.RunNiFi Registered no Notification Services for Notification Type NIFI_DIED
2019-08-13 03:41:03,264 INFO [main] org.apache.nifi.bootstrap.Command Starting Apache NiFi...
2019-08-13 03:41:03,264 INFO [main] org.apache.nifi.bootstrap.Command Working Directory: /usr/local/nifi-1.9.2
2019-08-13 03:41:03,264 INFO [main] org.apache.nifi.bootstrap.Command Command: /usr/lib/jvm/jdk1.8.0_221/bin/java -classpath /usr/local/nifi-1.9.2/./conf:/usr/local/nifi-1.9.2/./lib/nifi-runtime-1.9.2.jar:/usr/local/nifi-1.9.2/./lib/nifi-properties-1.9.2.jar:/usr/local/nifi-1.9.2/./lib/logback-core-1.2.3.jar:/usr/local/nifi-1.9.2/./lib/jcl-over-slf4j-1.7.25.jar:/usr/local/nifi-1.9.2/./lib/javax.servlet-api-3.1.0.jar:/usr/local/nifi-1.9.2/./lib/slf4j-api-1.7.25.jar:/usr/local/nifi-1.9.2/./lib/jul-to-slf4j-1.7.25.jar:/usr/local/nifi-1.9.2/./lib/nifi-api-1.9.2.jar:/usr/local/nifi-1.9.2/./lib/jetty-schemas-3.1.jar:/usr/local/nifi-1.9.2/./lib/nifi-framework-api-1.9.2.jar:/usr/local/nifi-1.9.2/./lib/log4j-over-slf4j-1.7.25.jar:/usr/local/nifi-1.9.2/./lib/logback-classic-1.2.3.jar:/usr/local/nifi-1.9.2/./lib/nifi-nar-utils-1.9.2.jar -Dorg.apache.jasper.compiler.disablejsr199=true -Xmx512m -Xms512m -Djavax.security.auth.useSubjectCredsOnly=true -Djava.security.egd=file:/dev/urandom -Dsun.net.http.allowRestrictedHeaders=true -Djava.net.preferIPv4Stack=true -Djava.awt.headless=true -XX:+UseG1GC -Djava.protocol.handler.pkgs=sun.net.www.protocol -Dnifi.properties.file.path=/usr/local/nifi-1.9.2/./conf/nifi.properties -Dnifi.bootstrap.listen.port=43917 -Dapp=NiFi -Dorg.apache.nifi.bootstrap.config.log.dir=/usr/local/nifi-1.9.2/logs org.apache.nifi.NiFi 
2019-08-13 03:41:03,283 INFO [main] org.apache.nifi.bootstrap.Command Launched Apache NiFi with Process ID 8698
2019-08-13 03:41:04,118 INFO [NiFi Bootstrap Command Listener] org.apache.nifi.bootstrap.RunNiFi Apache NiFi now running and listening for Bootstrap requests on port 38567
2019-08-13 03:48:04,593 INFO [main] o.a.n.b.NotificationServiceManager Successfully loaded the following 0 services: []
2019-08-13 03:48:04,595 INFO [main] org.apache.nifi.bootstrap.RunNiFi Registered no Notification Services for Notification Type NIFI_STARTED
2019-08-13 03:48:04,596 INFO [main] org.apache.nifi.bootstrap.RunNiFi Registered no Notification Services for Notification Type NIFI_STOPPED
2019-08-13 03:48:04,596 INFO [main] org.apache.nifi.bootstrap.RunNiFi Registered no Notification Services for Notification Type NIFI_DIED
2019-08-13 03:48:05,767 INFO [main] org.apache.nifi.bootstrap.Command Apache NiFi has accepted the Shutdown Command and is shutting down now
2019-08-13 03:48:05,780 INFO [main] org.apache.nifi.bootstrap.Command Waiting for Apache NiFi to finish shutting down...
2019-08-13 03:48:07,787 INFO [main] org.apache.nifi.bootstrap.Command NiFi has finished shutting down.
2019-08-13 03:48:08,026 INFO [main] org.apache.nifi.bootstrap.RunNiFi Status File no longer exists. Will not restart NiFi
