2019-08-14 04:25:07,613 INFO [main] o.a.n.b.NotificationServiceManager Successfully loaded the following 0 services: []
2019-08-14 04:25:07,624 INFO [main] org.apache.nifi.bootstrap.RunNiFi Registered no Notification Services for Notification Type NIFI_STARTED
2019-08-14 04:25:07,624 INFO [main] org.apache.nifi.bootstrap.RunNiFi Registered no Notification Services for Notification Type NIFI_STOPPED
2019-08-14 04:25:07,624 INFO [main] org.apache.nifi.bootstrap.RunNiFi Registered no Notification Services for Notification Type NIFI_DIED
2019-08-14 04:25:07,654 INFO [main] org.apache.nifi.bootstrap.Command Starting Apache NiFi...
2019-08-14 04:25:07,654 INFO [main] org.apache.nifi.bootstrap.Command Working Directory: /usr/local/nifi-1.9.2
2019-08-14 04:25:07,654 INFO [main] org.apache.nifi.bootstrap.Command Command: /usr/lib/jvm/jdk1.8.0_221/bin/java -classpath /usr/local/nifi-1.9.2/./conf:/usr/local/nifi-1.9.2/./lib/nifi-runtime-1.9.2.jar:/usr/local/nifi-1.9.2/./lib/nifi-properties-1.9.2.jar:/usr/local/nifi-1.9.2/./lib/logback-core-1.2.3.jar:/usr/local/nifi-1.9.2/./lib/jcl-over-slf4j-1.7.25.jar:/usr/local/nifi-1.9.2/./lib/javax.servlet-api-3.1.0.jar:/usr/local/nifi-1.9.2/./lib/slf4j-api-1.7.25.jar:/usr/local/nifi-1.9.2/./lib/jul-to-slf4j-1.7.25.jar:/usr/local/nifi-1.9.2/./lib/nifi-api-1.9.2.jar:/usr/local/nifi-1.9.2/./lib/jetty-schemas-3.1.jar:/usr/local/nifi-1.9.2/./lib/nifi-framework-api-1.9.2.jar:/usr/local/nifi-1.9.2/./lib/log4j-over-slf4j-1.7.25.jar:/usr/local/nifi-1.9.2/./lib/logback-classic-1.2.3.jar:/usr/local/nifi-1.9.2/./lib/nifi-nar-utils-1.9.2.jar -Dorg.apache.jasper.compiler.disablejsr199=true -Xmx512m -Xms512m -Djavax.security.auth.useSubjectCredsOnly=true -Djava.security.egd=file:/dev/urandom -Dsun.net.http.allowRestrictedHeaders=true -Djava.net.preferIPv4Stack=true -Djava.awt.headless=true -XX:+UseG1GC -Djava.protocol.handler.pkgs=sun.net.www.protocol -Dnifi.properties.file.path=/usr/local/nifi-1.9.2/./conf/nifi.properties -Dnifi.bootstrap.listen.port=37203 -Dapp=NiFi -Dorg.apache.nifi.bootstrap.config.log.dir=/usr/local/nifi-1.9.2/logs org.apache.nifi.NiFi 
2019-08-14 04:25:07,703 INFO [main] org.apache.nifi.bootstrap.Command Launched Apache NiFi with Process ID 2351
2019-08-14 04:25:08,778 INFO [NiFi Bootstrap Command Listener] org.apache.nifi.bootstrap.RunNiFi Apache NiFi now running and listening for Bootstrap requests on port 34747
2019-08-14 04:46:07,631 INFO [main] o.a.n.b.NotificationServiceManager Successfully loaded the following 0 services: []
2019-08-14 04:46:07,634 INFO [main] org.apache.nifi.bootstrap.RunNiFi Registered no Notification Services for Notification Type NIFI_STARTED
2019-08-14 04:46:07,635 INFO [main] org.apache.nifi.bootstrap.RunNiFi Registered no Notification Services for Notification Type NIFI_STOPPED
2019-08-14 04:46:07,635 INFO [main] org.apache.nifi.bootstrap.RunNiFi Registered no Notification Services for Notification Type NIFI_DIED
2019-08-14 04:46:08,071 INFO [main] org.apache.nifi.bootstrap.Command Apache NiFi has accepted the Shutdown Command and is shutting down now
2019-08-14 04:46:08,086 INFO [main] org.apache.nifi.bootstrap.Command Waiting for Apache NiFi to finish shutting down...
2019-08-14 04:46:09,382 INFO [main] org.apache.nifi.bootstrap.RunNiFi A shutdown was initiated. Will not restart NiFi
2019-08-14 04:46:10,100 INFO [main] org.apache.nifi.bootstrap.Command NiFi has finished shutting down.
2019-08-14 04:46:16,840 INFO [main] o.a.n.b.NotificationServiceManager Successfully loaded the following 0 services: []
2019-08-14 04:46:16,844 INFO [main] org.apache.nifi.bootstrap.RunNiFi Registered no Notification Services for Notification Type NIFI_STARTED
2019-08-14 04:46:16,844 INFO [main] org.apache.nifi.bootstrap.RunNiFi Registered no Notification Services for Notification Type NIFI_STOPPED
2019-08-14 04:46:16,844 INFO [main] org.apache.nifi.bootstrap.RunNiFi Registered no Notification Services for Notification Type NIFI_DIED
2019-08-14 04:46:16,862 INFO [main] org.apache.nifi.bootstrap.Command Starting Apache NiFi...
2019-08-14 04:46:16,862 INFO [main] org.apache.nifi.bootstrap.Command Working Directory: /usr/local/nifi-1.9.2
2019-08-14 04:46:16,863 INFO [main] org.apache.nifi.bootstrap.Command Command: /usr/lib/jvm/jdk1.8.0_221/bin/java -classpath /usr/local/nifi-1.9.2/./conf:/usr/local/nifi-1.9.2/./lib/nifi-runtime-1.9.2.jar:/usr/local/nifi-1.9.2/./lib/nifi-properties-1.9.2.jar:/usr/local/nifi-1.9.2/./lib/logback-core-1.2.3.jar:/usr/local/nifi-1.9.2/./lib/jcl-over-slf4j-1.7.25.jar:/usr/local/nifi-1.9.2/./lib/javax.servlet-api-3.1.0.jar:/usr/local/nifi-1.9.2/./lib/slf4j-api-1.7.25.jar:/usr/local/nifi-1.9.2/./lib/jul-to-slf4j-1.7.25.jar:/usr/local/nifi-1.9.2/./lib/nifi-api-1.9.2.jar:/usr/local/nifi-1.9.2/./lib/jetty-schemas-3.1.jar:/usr/local/nifi-1.9.2/./lib/nifi-framework-api-1.9.2.jar:/usr/local/nifi-1.9.2/./lib/log4j-over-slf4j-1.7.25.jar:/usr/local/nifi-1.9.2/./lib/logback-classic-1.2.3.jar:/usr/local/nifi-1.9.2/./lib/nifi-nar-utils-1.9.2.jar -Dorg.apache.jasper.compiler.disablejsr199=true -Xmx512m -Xms512m -Djavax.security.auth.useSubjectCredsOnly=true -Djava.security.egd=file:/dev/urandom -Dsun.net.http.allowRestrictedHeaders=true -Djava.net.preferIPv4Stack=true -Djava.awt.headless=true -XX:+UseG1GC -Djava.protocol.handler.pkgs=sun.net.www.protocol -Dnifi.properties.file.path=/usr/local/nifi-1.9.2/./conf/nifi.properties -Dnifi.bootstrap.listen.port=44047 -Dapp=NiFi -Dorg.apache.nifi.bootstrap.config.log.dir=/usr/local/nifi-1.9.2/logs org.apache.nifi.NiFi 
2019-08-14 04:46:16,882 INFO [main] org.apache.nifi.bootstrap.Command Launched Apache NiFi with Process ID 3902
2019-08-14 04:46:17,776 INFO [NiFi Bootstrap Command Listener] org.apache.nifi.bootstrap.RunNiFi Apache NiFi now running and listening for Bootstrap requests on port 45801
2019-08-14 05:25:42,182 INFO [main] o.a.n.b.NotificationServiceManager Successfully loaded the following 0 services: []
2019-08-14 05:25:42,185 INFO [main] org.apache.nifi.bootstrap.RunNiFi Registered no Notification Services for Notification Type NIFI_STARTED
2019-08-14 05:25:42,185 INFO [main] org.apache.nifi.bootstrap.RunNiFi Registered no Notification Services for Notification Type NIFI_STOPPED
2019-08-14 05:25:42,185 INFO [main] org.apache.nifi.bootstrap.RunNiFi Registered no Notification Services for Notification Type NIFI_DIED
2019-08-14 05:25:43,363 INFO [main] org.apache.nifi.bootstrap.Command Apache NiFi has accepted the Shutdown Command and is shutting down now
2019-08-14 05:25:43,378 INFO [main] org.apache.nifi.bootstrap.Command Waiting for Apache NiFi to finish shutting down...
2019-08-14 05:25:45,397 INFO [main] org.apache.nifi.bootstrap.RunNiFi A shutdown was initiated. Will not restart NiFi
2019-08-14 05:25:45,412 INFO [main] org.apache.nifi.bootstrap.Command NiFi has finished shutting down.
2019-08-14 05:31:04,079 INFO [main] o.a.n.b.NotificationServiceManager Successfully loaded the following 0 services: []
2019-08-14 05:31:04,084 INFO [main] org.apache.nifi.bootstrap.RunNiFi Registered no Notification Services for Notification Type NIFI_STARTED
2019-08-14 05:31:04,084 INFO [main] org.apache.nifi.bootstrap.RunNiFi Registered no Notification Services for Notification Type NIFI_STOPPED
2019-08-14 05:31:04,084 INFO [main] org.apache.nifi.bootstrap.RunNiFi Registered no Notification Services for Notification Type NIFI_DIED
2019-08-14 05:31:04,127 INFO [main] org.apache.nifi.bootstrap.Command Starting Apache NiFi...
2019-08-14 05:31:04,128 INFO [main] org.apache.nifi.bootstrap.Command Working Directory: /usr/local/nifi-1.9.2
2019-08-14 05:31:04,128 INFO [main] org.apache.nifi.bootstrap.Command Command: /usr/lib/jvm/jdk1.8.0_221/bin/java -classpath /usr/local/nifi-1.9.2/./conf:/usr/local/nifi-1.9.2/./lib/nifi-runtime-1.9.2.jar:/usr/local/nifi-1.9.2/./lib/nifi-properties-1.9.2.jar:/usr/local/nifi-1.9.2/./lib/logback-core-1.2.3.jar:/usr/local/nifi-1.9.2/./lib/jcl-over-slf4j-1.7.25.jar:/usr/local/nifi-1.9.2/./lib/javax.servlet-api-3.1.0.jar:/usr/local/nifi-1.9.2/./lib/slf4j-api-1.7.25.jar:/usr/local/nifi-1.9.2/./lib/jul-to-slf4j-1.7.25.jar:/usr/local/nifi-1.9.2/./lib/nifi-api-1.9.2.jar:/usr/local/nifi-1.9.2/./lib/jetty-schemas-3.1.jar:/usr/local/nifi-1.9.2/./lib/nifi-framework-api-1.9.2.jar:/usr/local/nifi-1.9.2/./lib/log4j-over-slf4j-1.7.25.jar:/usr/local/nifi-1.9.2/./lib/logback-classic-1.2.3.jar:/usr/local/nifi-1.9.2/./lib/nifi-nar-utils-1.9.2.jar -Dorg.apache.jasper.compiler.disablejsr199=true -Xmx512m -Xms512m -Djavax.security.auth.useSubjectCredsOnly=true -Djava.security.egd=file:/dev/urandom -Dsun.net.http.allowRestrictedHeaders=true -Djava.net.preferIPv4Stack=true -Djava.awt.headless=true -XX:+UseG1GC -Djava.protocol.handler.pkgs=sun.net.www.protocol -Dnifi.properties.file.path=/usr/local/nifi-1.9.2/./conf/nifi.properties -Dnifi.bootstrap.listen.port=42937 -Dapp=NiFi -Dorg.apache.nifi.bootstrap.config.log.dir=/usr/local/nifi-1.9.2/logs org.apache.nifi.NiFi 
2019-08-14 05:31:04,189 INFO [main] org.apache.nifi.bootstrap.Command Launched Apache NiFi with Process ID 2363
2019-08-14 05:31:05,220 INFO [NiFi Bootstrap Command Listener] org.apache.nifi.bootstrap.RunNiFi Apache NiFi now running and listening for Bootstrap requests on port 40235
2019-08-14 05:37:26,408 INFO [main] o.a.n.b.NotificationServiceManager Successfully loaded the following 0 services: []
2019-08-14 05:37:26,412 INFO [main] org.apache.nifi.bootstrap.RunNiFi Registered no Notification Services for Notification Type NIFI_STARTED
2019-08-14 05:37:26,412 INFO [main] org.apache.nifi.bootstrap.RunNiFi Registered no Notification Services for Notification Type NIFI_STOPPED
2019-08-14 05:37:26,412 INFO [main] org.apache.nifi.bootstrap.RunNiFi Registered no Notification Services for Notification Type NIFI_DIED
2019-08-14 05:37:32,460 INFO [main] org.apache.nifi.bootstrap.Command Apache NiFi has accepted the Shutdown Command and is shutting down now
2019-08-14 05:37:32,481 INFO [main] org.apache.nifi.bootstrap.Command Waiting for Apache NiFi to finish shutting down...
2019-08-14 05:37:34,489 INFO [main] org.apache.nifi.bootstrap.Command Waiting for Apache NiFi to finish shutting down...
2019-08-14 05:37:35,357 INFO [main] org.apache.nifi.bootstrap.RunNiFi A shutdown was initiated. Will not restart NiFi
2019-08-14 05:37:36,499 INFO [main] org.apache.nifi.bootstrap.Command NiFi has finished shutting down.
2019-08-14 05:37:44,051 INFO [main] o.a.n.b.NotificationServiceManager Successfully loaded the following 0 services: []
2019-08-14 05:37:44,054 INFO [main] org.apache.nifi.bootstrap.RunNiFi Registered no Notification Services for Notification Type NIFI_STARTED
2019-08-14 05:37:44,054 INFO [main] org.apache.nifi.bootstrap.RunNiFi Registered no Notification Services for Notification Type NIFI_STOPPED
2019-08-14 05:37:44,054 INFO [main] org.apache.nifi.bootstrap.RunNiFi Registered no Notification Services for Notification Type NIFI_DIED
2019-08-14 05:37:44,066 INFO [main] org.apache.nifi.bootstrap.Command Starting Apache NiFi...
2019-08-14 05:37:44,067 INFO [main] org.apache.nifi.bootstrap.Command Working Directory: /usr/local/nifi-1.9.2
2019-08-14 05:37:44,067 INFO [main] org.apache.nifi.bootstrap.Command Command: /usr/lib/jvm/jdk1.8.0_221/bin/java -classpath /usr/local/nifi-1.9.2/./conf:/usr/local/nifi-1.9.2/./lib/nifi-runtime-1.9.2.jar:/usr/local/nifi-1.9.2/./lib/nifi-properties-1.9.2.jar:/usr/local/nifi-1.9.2/./lib/logback-core-1.2.3.jar:/usr/local/nifi-1.9.2/./lib/jcl-over-slf4j-1.7.25.jar:/usr/local/nifi-1.9.2/./lib/javax.servlet-api-3.1.0.jar:/usr/local/nifi-1.9.2/./lib/slf4j-api-1.7.25.jar:/usr/local/nifi-1.9.2/./lib/jul-to-slf4j-1.7.25.jar:/usr/local/nifi-1.9.2/./lib/nifi-api-1.9.2.jar:/usr/local/nifi-1.9.2/./lib/jetty-schemas-3.1.jar:/usr/local/nifi-1.9.2/./lib/nifi-framework-api-1.9.2.jar:/usr/local/nifi-1.9.2/./lib/log4j-over-slf4j-1.7.25.jar:/usr/local/nifi-1.9.2/./lib/logback-classic-1.2.3.jar:/usr/local/nifi-1.9.2/./lib/nifi-nar-utils-1.9.2.jar -Dorg.apache.jasper.compiler.disablejsr199=true -Xmx512m -Xms512m -Djavax.security.auth.useSubjectCredsOnly=true -Djava.security.egd=file:/dev/urandom -Dsun.net.http.allowRestrictedHeaders=true -Djava.net.preferIPv4Stack=true -Djava.awt.headless=true -XX:+UseG1GC -Djava.protocol.handler.pkgs=sun.net.www.protocol -Dnifi.properties.file.path=/usr/local/nifi-1.9.2/./conf/nifi.properties -Dnifi.bootstrap.listen.port=34837 -Dapp=NiFi -Dorg.apache.nifi.bootstrap.config.log.dir=/usr/local/nifi-1.9.2/logs org.apache.nifi.NiFi 
2019-08-14 05:37:44,083 INFO [main] org.apache.nifi.bootstrap.Command Launched Apache NiFi with Process ID 2690
2019-08-14 05:37:44,819 INFO [NiFi Bootstrap Command Listener] org.apache.nifi.bootstrap.RunNiFi Apache NiFi now running and listening for Bootstrap requests on port 38909
2019-08-14 10:08:59,863 INFO [main] o.a.n.b.NotificationServiceManager Successfully loaded the following 0 services: []
2019-08-14 10:08:59,868 INFO [main] org.apache.nifi.bootstrap.RunNiFi Registered no Notification Services for Notification Type NIFI_STARTED
2019-08-14 10:08:59,869 INFO [main] org.apache.nifi.bootstrap.RunNiFi Registered no Notification Services for Notification Type NIFI_STOPPED
2019-08-14 10:08:59,869 INFO [main] org.apache.nifi.bootstrap.RunNiFi Registered no Notification Services for Notification Type NIFI_DIED
2019-08-14 10:08:59,929 INFO [main] org.apache.nifi.bootstrap.Command Starting Apache NiFi...
2019-08-14 10:08:59,930 INFO [main] org.apache.nifi.bootstrap.Command Working Directory: /usr/local/nifi-1.9.2
2019-08-14 10:08:59,930 INFO [main] org.apache.nifi.bootstrap.Command Command: /usr/lib/jvm/jdk1.8.0_221/bin/java -classpath /usr/local/nifi-1.9.2/./conf:/usr/local/nifi-1.9.2/./lib/nifi-runtime-1.9.2.jar:/usr/local/nifi-1.9.2/./lib/nifi-properties-1.9.2.jar:/usr/local/nifi-1.9.2/./lib/logback-core-1.2.3.jar:/usr/local/nifi-1.9.2/./lib/jcl-over-slf4j-1.7.25.jar:/usr/local/nifi-1.9.2/./lib/javax.servlet-api-3.1.0.jar:/usr/local/nifi-1.9.2/./lib/slf4j-api-1.7.25.jar:/usr/local/nifi-1.9.2/./lib/jul-to-slf4j-1.7.25.jar:/usr/local/nifi-1.9.2/./lib/nifi-api-1.9.2.jar:/usr/local/nifi-1.9.2/./lib/jetty-schemas-3.1.jar:/usr/local/nifi-1.9.2/./lib/nifi-framework-api-1.9.2.jar:/usr/local/nifi-1.9.2/./lib/log4j-over-slf4j-1.7.25.jar:/usr/local/nifi-1.9.2/./lib/logback-classic-1.2.3.jar:/usr/local/nifi-1.9.2/./lib/nifi-nar-utils-1.9.2.jar -Dorg.apache.jasper.compiler.disablejsr199=true -Xmx512m -Xms512m -Djavax.security.auth.useSubjectCredsOnly=true -Djava.security.egd=file:/dev/urandom -Dsun.net.http.allowRestrictedHeaders=true -Djava.net.preferIPv4Stack=true -Djava.awt.headless=true -XX:+UseG1GC -Djava.protocol.handler.pkgs=sun.net.www.protocol -Dnifi.properties.file.path=/usr/local/nifi-1.9.2/./conf/nifi.properties -Dnifi.bootstrap.listen.port=34621 -Dapp=NiFi -Dorg.apache.nifi.bootstrap.config.log.dir=/usr/local/nifi-1.9.2/logs org.apache.nifi.NiFi 
2019-08-14 10:08:59,984 INFO [main] org.apache.nifi.bootstrap.Command Launched Apache NiFi with Process ID 2425
2019-08-14 10:09:01,100 INFO [NiFi Bootstrap Command Listener] org.apache.nifi.bootstrap.RunNiFi Apache NiFi now running and listening for Bootstrap requests on port 39659
2019-08-14 12:05:23,515 INFO [main] o.a.n.b.NotificationServiceManager Successfully loaded the following 0 services: []
2019-08-14 12:05:23,518 INFO [main] org.apache.nifi.bootstrap.RunNiFi Registered no Notification Services for Notification Type NIFI_STARTED
2019-08-14 12:05:23,518 INFO [main] org.apache.nifi.bootstrap.RunNiFi Registered no Notification Services for Notification Type NIFI_STOPPED
2019-08-14 12:05:23,518 INFO [main] org.apache.nifi.bootstrap.RunNiFi Registered no Notification Services for Notification Type NIFI_DIED
2019-08-14 12:05:24,841 INFO [main] org.apache.nifi.bootstrap.Command Apache NiFi has accepted the Shutdown Command and is shutting down now
2019-08-14 12:05:24,854 INFO [main] org.apache.nifi.bootstrap.Command Waiting for Apache NiFi to finish shutting down...
2019-08-14 12:05:26,263 INFO [main] org.apache.nifi.bootstrap.RunNiFi A shutdown was initiated. Will not restart NiFi
2019-08-14 12:05:26,864 INFO [main] org.apache.nifi.bootstrap.Command NiFi has finished shutting down.
2019-08-14 12:05:35,743 INFO [main] o.a.n.b.NotificationServiceManager Successfully loaded the following 0 services: []
2019-08-14 12:05:35,746 INFO [main] org.apache.nifi.bootstrap.RunNiFi Registered no Notification Services for Notification Type NIFI_STARTED
2019-08-14 12:05:35,746 INFO [main] org.apache.nifi.bootstrap.RunNiFi Registered no Notification Services for Notification Type NIFI_STOPPED
2019-08-14 12:05:35,746 INFO [main] org.apache.nifi.bootstrap.RunNiFi Registered no Notification Services for Notification Type NIFI_DIED
2019-08-14 12:05:35,759 INFO [main] org.apache.nifi.bootstrap.Command Starting Apache NiFi...
2019-08-14 12:05:35,760 INFO [main] org.apache.nifi.bootstrap.Command Working Directory: /usr/local/nifi-1.9.2
2019-08-14 12:05:35,760 INFO [main] org.apache.nifi.bootstrap.Command Command: /usr/lib/jvm/jdk1.8.0_221/bin/java -classpath /usr/local/nifi-1.9.2/./conf:/usr/local/nifi-1.9.2/./lib/nifi-runtime-1.9.2.jar:/usr/local/nifi-1.9.2/./lib/nifi-properties-1.9.2.jar:/usr/local/nifi-1.9.2/./lib/logback-core-1.2.3.jar:/usr/local/nifi-1.9.2/./lib/jcl-over-slf4j-1.7.25.jar:/usr/local/nifi-1.9.2/./lib/javax.servlet-api-3.1.0.jar:/usr/local/nifi-1.9.2/./lib/slf4j-api-1.7.25.jar:/usr/local/nifi-1.9.2/./lib/jul-to-slf4j-1.7.25.jar:/usr/local/nifi-1.9.2/./lib/nifi-api-1.9.2.jar:/usr/local/nifi-1.9.2/./lib/jetty-schemas-3.1.jar:/usr/local/nifi-1.9.2/./lib/nifi-framework-api-1.9.2.jar:/usr/local/nifi-1.9.2/./lib/log4j-over-slf4j-1.7.25.jar:/usr/local/nifi-1.9.2/./lib/logback-classic-1.2.3.jar:/usr/local/nifi-1.9.2/./lib/nifi-nar-utils-1.9.2.jar -Dorg.apache.jasper.compiler.disablejsr199=true -Xmx512m -Xms512m -Djavax.security.auth.useSubjectCredsOnly=true -Djava.security.egd=file:/dev/urandom -Dsun.net.http.allowRestrictedHeaders=true -Djava.net.preferIPv4Stack=true -Djava.awt.headless=true -XX:+UseG1GC -Djava.protocol.handler.pkgs=sun.net.www.protocol -Dnifi.properties.file.path=/usr/local/nifi-1.9.2/./conf/nifi.properties -Dnifi.bootstrap.listen.port=37581 -Dapp=NiFi -Dorg.apache.nifi.bootstrap.config.log.dir=/usr/local/nifi-1.9.2/logs org.apache.nifi.NiFi 
2019-08-14 12:05:35,777 INFO [main] org.apache.nifi.bootstrap.Command Launched Apache NiFi with Process ID 9050
2019-08-14 12:05:36,543 INFO [NiFi Bootstrap Command Listener] org.apache.nifi.bootstrap.RunNiFi Apache NiFi now running and listening for Bootstrap requests on port 40455
